running egg_info
creating ../build/example/example.egg-info
writing ../build/example/example.egg-info/PKG-INFO
writing dependency_links to ../build/example/example.egg-info/dependency_links.txt
writing entry points to ../build/example/example.egg-info/entry_points.txt
writing requirements to ../build/example/example.egg-info/requires.txt
writing top-level names to ../build/example/example.egg-info/top_level.txt
writing manifest file '../build/example/example.egg-info/SOURCES.txt'
reading manifest file '../build/example/example.egg-info/SOURCES.txt'
writing manifest file '../build/example/example.egg-info/SOURCES.txt'
running build
running build_py
creating /home/lmc/robot_ws/src/build/example/build
creating /home/lmc/robot_ws/src/build/example/build/lib
creating /home/lmc/robot_ws/src/build/example/build/lib/example
copying example/__init__.py -> /home/lmc/robot_ws/src/build/example/build/lib/example
running install
running install_lib
creating /home/lmc/robot_ws/src/install/example/lib/python3.8/site-packages/example
copying /home/lmc/robot_ws/src/build/example/build/lib/example/__init__.py -> /home/lmc/robot_ws/src/install/example/lib/python3.8/site-packages/example
byte-compiling /home/lmc/robot_ws/src/install/example/lib/python3.8/site-packages/example/__init__.py to __init__.cpython-38.pyc
running install_data
creating /home/lmc/robot_ws/src/install/example/share/ament_index
creating /home/lmc/robot_ws/src/install/example/share/ament_index/resource_index
creating /home/lmc/robot_ws/src/install/example/share/ament_index/resource_index/packages
copying resource/example -> /home/lmc/robot_ws/src/install/example/share/ament_index/resource_index/packages
copying package.xml -> /home/lmc/robot_ws/src/install/example/share/example
running install_egg_info
Copying ../build/example/example.egg-info to /home/lmc/robot_ws/src/install/example/lib/python3.8/site-packages/example-0.0.0-py3.8.egg-info
running install_scripts
writing list of installed files to '/home/lmc/robot_ws/src/build/example/install.log'
