[0.438s] Invoking command in '/home/lmc/robot_ws/src/example': PYTHONPATH=/home/lmc/robot_ws/src/build/example/prefix_override:/usr/lib/python3/dist-packages/colcon_core/task/python/colcon_distutils_commands:/home/lmc/robot_ws/src/install/example/lib/python3.8/site-packages:${PYTHONPATH} /usr/bin/python3 -W ignore:setup.py install is deprecated setup.py egg_info --egg-base ../build/example build --build-base /home/lmc/robot_ws/src/build/example/build install --record /home/lmc/robot_ws/src/build/example/install.log --install-scripts $base/lib/example --single-version-externally-managed install_data
[0.582s] running egg_info
[0.582s] creating ../build/example/example.egg-info
[0.582s] writing ../build/example/example.egg-info/PKG-INFO
[0.582s] writing dependency_links to ../build/example/example.egg-info/dependency_links.txt
[0.583s] writing entry points to ../build/example/example.egg-info/entry_points.txt
[0.583s] writing requirements to ../build/example/example.egg-info/requires.txt
[0.583s] writing top-level names to ../build/example/example.egg-info/top_level.txt
[0.584s] writing manifest file '../build/example/example.egg-info/SOURCES.txt'
[0.606s] reading manifest file '../build/example/example.egg-info/SOURCES.txt'
[0.606s] writing manifest file '../build/example/example.egg-info/SOURCES.txt'
[0.606s] running build
[0.606s] running build_py
[0.606s] creating /home/lmc/robot_ws/src/build/example/build
[0.607s] creating /home/lmc/robot_ws/src/build/example/build/lib
[0.607s] creating /home/lmc/robot_ws/src/build/example/build/lib/example
[0.607s] copying example/__init__.py -> /home/lmc/robot_ws/src/build/example/build/lib/example
[0.607s] running install
[0.607s] running install_lib
[0.608s] creating /home/lmc/robot_ws/src/install/example/lib/python3.8/site-packages/example
[0.608s] copying /home/lmc/robot_ws/src/build/example/build/lib/example/__init__.py -> /home/lmc/robot_ws/src/install/example/lib/python3.8/site-packages/example
[0.608s] byte-compiling /home/lmc/robot_ws/src/install/example/lib/python3.8/site-packages/example/__init__.py to __init__.cpython-38.pyc
[0.609s] running install_data
[0.609s] creating /home/lmc/robot_ws/src/install/example/share/ament_index
[0.609s] creating /home/lmc/robot_ws/src/install/example/share/ament_index/resource_index
[0.609s] creating /home/lmc/robot_ws/src/install/example/share/ament_index/resource_index/packages
[0.609s] copying resource/example -> /home/lmc/robot_ws/src/install/example/share/ament_index/resource_index/packages
[0.609s] copying package.xml -> /home/lmc/robot_ws/src/install/example/share/example
[0.609s] running install_egg_info
[0.610s] Copying ../build/example/example.egg-info to /home/lmc/robot_ws/src/install/example/lib/python3.8/site-packages/example-0.0.0-py3.8.egg-info
[0.610s] running install_scripts
[0.621s] writing list of installed files to '/home/lmc/robot_ws/src/build/example/install.log'
[0.634s] Invoked command in '/home/lmc/robot_ws/src/example' returned '0': PYTHONPATH=/home/lmc/robot_ws/src/build/example/prefix_override:/usr/lib/python3/dist-packages/colcon_core/task/python/colcon_distutils_commands:/home/lmc/robot_ws/src/install/example/lib/python3.8/site-packages:${PYTHONPATH} /usr/bin/python3 -W ignore:setup.py install is deprecated setup.py egg_info --egg-base ../build/example build --build-base /home/lmc/robot_ws/src/build/example/build install --record /home/lmc/robot_ws/src/build/example/install.log --install-scripts $base/lib/example --single-version-externally-managed install_data
