[0.135s] DEBUG:colcon:Command line arguments: ['/usr/bin/colcon', 'build', '--packages-select', 'example']
[0.135s] DEBUG:colcon:Parsed command line arguments: Namespace(allow_overriding=[], ament_cmake_args=None, base_paths=['.'], build_base='build', catkin_cmake_args=None, catkin_skip_building_tests=False, cmake_args=None, cmake_clean_cache=False, cmake_clean_first=False, cmake_force_configure=False, cmake_target=None, cmake_target_skip_unavailable=False, continue_on_error=False, event_handlers=None, executor='parallel', ignore_user_meta=False, install_base='install', log_base=None, log_level=None, main=<bound method BuildVerb.main of <colcon_core.verb.build.BuildVerb object at 0x7f3b3f3a6700>>, merge_install=False, metas=['./colcon.meta'], mixin=None, mixin_files=None, mixin_verb=('build',), packages_above=None, packages_above_and_dependencies=None, packages_above_depth=None, packages_end=None, packages_ignore=None, packages_ignore_regex=None, packages_select=['example'], packages_select_build_failed=False, packages_select_by_dep=None, packages_select_regex=None, packages_select_test_failures=False, packages_skip=None, packages_skip_build_finished=False, packages_skip_by_dep=None, packages_skip_regex=None, packages_skip_test_passed=False, packages_skip_up_to=None, packages_start=None, packages_up_to=None, packages_up_to_regex=None, parallel_workers=8, paths=None, symlink_install=False, test_result_base=None, verb_extension=<colcon_core.verb.build.BuildVerb object at 0x7f3b3f3a6700>, verb_name='build', verb_parser=<colcon_mixin.mixin.mixin_argument.MixinArgumentDecorator object at 0x7f3b3f38e2e0>)
[0.235s] Level 1:colcon.colcon_core.package_discovery:discover_packages(colcon_meta) check parameters
[0.235s] Level 1:colcon.colcon_core.package_discovery:discover_packages(recursive) check parameters
[0.235s] Level 1:colcon.colcon_core.package_discovery:discover_packages(ignore) check parameters
[0.235s] Level 1:colcon.colcon_core.package_discovery:discover_packages(path) check parameters
[0.236s] Level 1:colcon.colcon_core.package_discovery:discover_packages(colcon_meta) discover
[0.236s] Level 1:colcon.colcon_core.package_discovery:discover_packages(recursive) discover
[0.236s] INFO:colcon.colcon_core.package_discovery:Crawling recursively for packages in '/home/lmc/robot_ws/src'
[0.236s] Level 1:colcon.colcon_core.package_identification:_identify(.) by extensions ['ignore', 'ignore_ament_install']
[0.236s] Level 1:colcon.colcon_core.package_identification:_identify(.) by extension 'ignore'
[0.236s] Level 1:colcon.colcon_core.package_identification:_identify(.) by extension 'ignore_ament_install'
[0.236s] Level 1:colcon.colcon_core.package_identification:_identify(.) by extensions ['colcon_pkg']
[0.236s] Level 1:colcon.colcon_core.package_identification:_identify(.) by extension 'colcon_pkg'
[0.236s] Level 1:colcon.colcon_core.package_identification:_identify(.) by extensions ['colcon_meta']
[0.236s] Level 1:colcon.colcon_core.package_identification:_identify(.) by extension 'colcon_meta'
[0.236s] Level 1:colcon.colcon_core.package_identification:_identify(.) by extensions ['ros']
[0.236s] Level 1:colcon.colcon_core.package_identification:_identify(.) by extension 'ros'
[0.243s] Level 1:colcon.colcon_core.package_identification:_identify(.) by extensions ['cmake', 'python']
[0.243s] Level 1:colcon.colcon_core.package_identification:_identify(.) by extension 'cmake'
[0.243s] Level 1:colcon.colcon_core.package_identification:_identify(.) by extension 'python'
[0.243s] Level 1:colcon.colcon_core.package_identification:_identify(.) by extensions ['python_setup_py']
[0.243s] Level 1:colcon.colcon_core.package_identification:_identify(.) by extension 'python_setup_py'
[0.243s] Level 1:colcon.colcon_core.package_identification:_identify(build) by extensions ['ignore', 'ignore_ament_install']
[0.244s] Level 1:colcon.colcon_core.package_identification:_identify(build) by extension 'ignore'
[0.244s] Level 1:colcon.colcon_core.package_identification:_identify(build) ignored
[0.244s] Level 1:colcon.colcon_core.package_identification:_identify(example) by extensions ['ignore', 'ignore_ament_install']
[0.244s] Level 1:colcon.colcon_core.package_identification:_identify(example) by extension 'ignore'
[0.244s] Level 1:colcon.colcon_core.package_identification:_identify(example) by extension 'ignore_ament_install'
[0.244s] Level 1:colcon.colcon_core.package_identification:_identify(example) by extensions ['colcon_pkg']
[0.244s] Level 1:colcon.colcon_core.package_identification:_identify(example) by extension 'colcon_pkg'
[0.244s] Level 1:colcon.colcon_core.package_identification:_identify(example) by extensions ['colcon_meta']
[0.244s] Level 1:colcon.colcon_core.package_identification:_identify(example) by extension 'colcon_meta'
[0.244s] Level 1:colcon.colcon_core.package_identification:_identify(example) by extensions ['ros']
[0.244s] Level 1:colcon.colcon_core.package_identification:_identify(example) by extension 'ros'
[0.245s] DEBUG:colcon.colcon_core.package_identification:Package 'example' with type 'ros.ament_python' and name 'example'
[0.246s] Level 1:colcon.colcon_core.package_identification:_identify(install) by extensions ['ignore', 'ignore_ament_install']
[0.246s] Level 1:colcon.colcon_core.package_identification:_identify(install) by extension 'ignore'
[0.246s] Level 1:colcon.colcon_core.package_identification:_identify(install) ignored
[0.246s] Level 1:colcon.colcon_core.package_identification:_identify(log) by extensions ['ignore', 'ignore_ament_install']
[0.246s] Level 1:colcon.colcon_core.package_identification:_identify(log) by extension 'ignore'
[0.246s] Level 1:colcon.colcon_core.package_identification:_identify(log) ignored
[0.246s] Level 1:colcon.colcon_core.package_discovery:discover_packages(recursive) using defaults
[0.246s] Level 1:colcon.colcon_core.package_discovery:discover_packages(ignore) discover
[0.246s] Level 1:colcon.colcon_core.package_discovery:discover_packages(ignore) using defaults
[0.246s] Level 1:colcon.colcon_core.package_discovery:discover_packages(path) discover
[0.246s] Level 1:colcon.colcon_core.package_discovery:discover_packages(path) using defaults
[0.257s] Level 1:colcon.colcon_core.package_discovery:discover_packages(prefix_path) check parameters
[0.257s] Level 1:colcon.colcon_core.package_discovery:discover_packages(prefix_path) discover
[0.258s] DEBUG:colcon.colcon_installed_package_information.package_discovery:Found 0 installed packages in /home/lmc/robot_ws/install
[0.259s] DEBUG:colcon.colcon_installed_package_information.package_discovery:Found 256 installed packages in /opt/ros/foxy
[0.260s] Level 1:colcon.colcon_core.package_discovery:discover_packages(prefix_path) using defaults
[0.300s] Level 5:colcon.colcon_core.verb:set package 'example' build argument 'cmake_args' from command line to 'None'
[0.300s] Level 5:colcon.colcon_core.verb:set package 'example' build argument 'cmake_target' from command line to 'None'
[0.300s] Level 5:colcon.colcon_core.verb:set package 'example' build argument 'cmake_target_skip_unavailable' from command line to 'False'
[0.300s] Level 5:colcon.colcon_core.verb:set package 'example' build argument 'cmake_clean_cache' from command line to 'False'
[0.300s] Level 5:colcon.colcon_core.verb:set package 'example' build argument 'cmake_clean_first' from command line to 'False'
[0.300s] Level 5:colcon.colcon_core.verb:set package 'example' build argument 'cmake_force_configure' from command line to 'False'
[0.300s] Level 5:colcon.colcon_core.verb:set package 'example' build argument 'ament_cmake_args' from command line to 'None'
[0.300s] Level 5:colcon.colcon_core.verb:set package 'example' build argument 'catkin_cmake_args' from command line to 'None'
[0.300s] Level 5:colcon.colcon_core.verb:set package 'example' build argument 'catkin_skip_building_tests' from command line to 'False'
[0.300s] DEBUG:colcon.colcon_core.verb:Building package 'example' with the following arguments: {'ament_cmake_args': None, 'build_base': '/home/lmc/robot_ws/src/build/example', 'catkin_cmake_args': None, 'catkin_skip_building_tests': False, 'cmake_args': None, 'cmake_clean_cache': False, 'cmake_clean_first': False, 'cmake_force_configure': False, 'cmake_target': None, 'cmake_target_skip_unavailable': False, 'install_base': '/home/lmc/robot_ws/src/install/example', 'merge_install': False, 'path': '/home/lmc/robot_ws/src/example', 'symlink_install': False, 'test_result_base': None}
[0.301s] INFO:colcon.colcon_core.executor:Executing jobs using 'parallel' executor
[0.301s] DEBUG:colcon.colcon_parallel_executor.executor.parallel:run_until_complete
[0.301s] INFO:colcon.colcon_ros.task.ament_python.build:Building ROS package in '/home/lmc/robot_ws/src/example' with build type 'ament_python'
[0.301s] Level 1:colcon.colcon_core.shell:create_environment_hook('example', 'ament_prefix_path')
[0.303s] INFO:colcon.colcon_core.plugin_system:Skipping extension 'colcon_core.shell.bat': Not used on non-Windows systems
[0.303s] INFO:colcon.colcon_core.shell:Creating environment hook '/home/lmc/robot_ws/src/install/example/share/example/hook/ament_prefix_path.ps1'
[0.303s] INFO:colcon.colcon_core.shell:Creating environment descriptor '/home/lmc/robot_ws/src/install/example/share/example/hook/ament_prefix_path.dsv'
[0.303s] INFO:colcon.colcon_core.shell:Creating environment hook '/home/lmc/robot_ws/src/install/example/share/example/hook/ament_prefix_path.sh'
[0.304s] INFO:colcon.colcon_core.shell:Skip shell extension 'powershell' for command environment: Not usable outside of PowerShell
[0.304s] DEBUG:colcon.colcon_core.shell:Skip shell extension 'dsv' for command environment
[0.465s] INFO:colcon.colcon_core.task.python.build:Building Python package in '/home/lmc/robot_ws/src/example'
[0.465s] INFO:colcon.colcon_core.shell:Skip shell extension 'powershell' for command environment: Not usable outside of PowerShell
[0.465s] DEBUG:colcon.colcon_core.shell:Skip shell extension 'dsv' for command environment
[0.740s] DEBUG:colcon.colcon_core.event_handler.log_command:Invoking command in '/home/lmc/robot_ws/src/example': PYTHONPATH=/home/lmc/robot_ws/src/build/example/prefix_override:/usr/lib/python3/dist-packages/colcon_core/task/python/colcon_distutils_commands:/home/lmc/robot_ws/src/install/example/lib/python3.8/site-packages:${PYTHONPATH} /usr/bin/python3 -W ignore:setup.py install is deprecated setup.py egg_info --egg-base ../build/example build --build-base /home/lmc/robot_ws/src/build/example/build install --record /home/lmc/robot_ws/src/build/example/install.log --install-scripts $base/lib/example --single-version-externally-managed install_data
[0.936s] DEBUG:colcon.colcon_core.event_handler.log_command:Invoked command in '/home/lmc/robot_ws/src/example' returned '0': PYTHONPATH=/home/lmc/robot_ws/src/build/example/prefix_override:/usr/lib/python3/dist-packages/colcon_core/task/python/colcon_distutils_commands:/home/lmc/robot_ws/src/install/example/lib/python3.8/site-packages:${PYTHONPATH} /usr/bin/python3 -W ignore:setup.py install is deprecated setup.py egg_info --egg-base ../build/example build --build-base /home/lmc/robot_ws/src/build/example/build install --record /home/lmc/robot_ws/src/build/example/install.log --install-scripts $base/lib/example --single-version-externally-managed install_data
[0.937s] Level 1:colcon.colcon_core.environment:checking '/home/lmc/robot_ws/src/install/example' for CMake module files
[0.937s] Level 1:colcon.colcon_core.environment:checking '/home/lmc/robot_ws/src/install/example' for CMake config files
[0.938s] Level 1:colcon.colcon_core.environment:checking '/home/lmc/robot_ws/src/install/example/lib'
[0.938s] Level 1:colcon.colcon_core.environment:checking '/home/lmc/robot_ws/src/install/example/bin'
[0.938s] Level 1:colcon.colcon_core.environment:checking '/home/lmc/robot_ws/src/install/example/lib/pkgconfig/example.pc'
[0.938s] Level 1:colcon.colcon_core.environment:checking '/home/lmc/robot_ws/src/install/example/lib/python3.8/site-packages'
[0.938s] Level 1:colcon.colcon_core.shell:create_environment_hook('example', 'pythonpath')
[0.938s] INFO:colcon.colcon_core.shell:Creating environment hook '/home/lmc/robot_ws/src/install/example/share/example/hook/pythonpath.ps1'
[0.939s] INFO:colcon.colcon_core.shell:Creating environment descriptor '/home/lmc/robot_ws/src/install/example/share/example/hook/pythonpath.dsv'
[0.939s] INFO:colcon.colcon_core.shell:Creating environment hook '/home/lmc/robot_ws/src/install/example/share/example/hook/pythonpath.sh'
[0.939s] Level 1:colcon.colcon_core.environment:checking '/home/lmc/robot_ws/src/install/example/bin'
[0.939s] Level 1:colcon.colcon_core.environment:create_environment_scripts_only(example)
[0.940s] INFO:colcon.colcon_core.shell:Creating package script '/home/lmc/robot_ws/src/install/example/share/example/package.ps1'
[0.940s] INFO:colcon.colcon_core.shell:Creating package descriptor '/home/lmc/robot_ws/src/install/example/share/example/package.dsv'
[0.940s] INFO:colcon.colcon_core.shell:Creating package script '/home/lmc/robot_ws/src/install/example/share/example/package.sh'
[0.941s] INFO:colcon.colcon_core.shell:Creating package script '/home/lmc/robot_ws/src/install/example/share/example/package.bash'
[0.941s] INFO:colcon.colcon_core.shell:Creating package script '/home/lmc/robot_ws/src/install/example/share/example/package.zsh'
[0.942s] Level 1:colcon.colcon_core.environment:create_file_with_runtime_dependencies(/home/lmc/robot_ws/src/install/example/share/colcon-core/packages/example)
[0.942s] DEBUG:colcon.colcon_parallel_executor.executor.parallel:closing loop
[0.942s] DEBUG:colcon.colcon_parallel_executor.executor.parallel:loop closed
[0.942s] DEBUG:colcon.colcon_parallel_executor.executor.parallel:run_until_complete finished with '0'
[0.942s] DEBUG:colcon.colcon_core.event_reactor:joining thread
[0.946s] INFO:colcon.colcon_core.plugin_system:Skipping extension 'colcon_notification.desktop_notification.terminal_notifier': Not used on non-Darwin systems
[0.946s] INFO:colcon.colcon_core.plugin_system:Skipping extension 'colcon_notification.desktop_notification.win32': Not used on non-Windows systems
[0.946s] INFO:colcon.colcon_notification.desktop_notification:Sending desktop notification using 'notify2'
[0.956s] DEBUG:colcon.colcon_core.event_reactor:joined thread
[0.956s] INFO:colcon.colcon_core.shell:Creating prefix script '/home/lmc/robot_ws/src/install/local_setup.ps1'
[0.957s] INFO:colcon.colcon_core.shell:Creating prefix util module '/home/lmc/robot_ws/src/install/_local_setup_util_ps1.py'
[0.958s] INFO:colcon.colcon_core.shell:Creating prefix chain script '/home/lmc/robot_ws/src/install/setup.ps1'
[0.959s] INFO:colcon.colcon_core.shell:Creating prefix script '/home/lmc/robot_ws/src/install/local_setup.sh'
[0.959s] INFO:colcon.colcon_core.shell:Creating prefix util module '/home/lmc/robot_ws/src/install/_local_setup_util_sh.py'
[0.959s] INFO:colcon.colcon_core.shell:Creating prefix chain script '/home/lmc/robot_ws/src/install/setup.sh'
[0.960s] INFO:colcon.colcon_core.shell:Creating prefix script '/home/lmc/robot_ws/src/install/local_setup.bash'
[0.960s] INFO:colcon.colcon_core.shell:Creating prefix chain script '/home/lmc/robot_ws/src/install/setup.bash'
[0.961s] INFO:colcon.colcon_core.shell:Creating prefix script '/home/lmc/robot_ws/src/install/local_setup.zsh'
[0.961s] INFO:colcon.colcon_core.shell:Creating prefix chain script '/home/lmc/robot_ws/src/install/setup.zsh'
